<?xml version="1.0" encoding="UTF-8"?>
<testsuite name="AdminTest" tests="1" skipped="0" failures="0" errors="0" timestamp="2022-11-20T05:08:24" hostname="DESKTOP-Q4RIADS" time="0.011">
  <properties/>
  <testcase name="editBalance()" classname="AdminTest" time="0.011"/>
  <system-out><![CDATA[]]></system-out>
  <system-err><![CDATA[]]></system-err>
</testsuite>
